2016-03-18 01:17:00 [5004] [INFO] Starting gunicorn 17.5
2016-03-18 01:17:00 [5004] [INFO] Listening at: http://0.0.0.0:8000 (5004)
2016-03-18 01:17:00 [5004] [INFO] Using worker: sync
2016-03-18 01:17:00 [5009] [INFO] Booting worker with pid: 5009
2016-03-18 01:17:03 [5004] [INFO] Handling signal: int
2016-03-17 22:17:03 [5009] [INFO] Worker exiting (pid: 5009)
2016-03-18 01:17:03 [5004] [INFO] Shutting down: Master
2016-03-18 01:17:07 [5016] [INFO] Starting gunicorn 17.5
2016-03-18 01:17:07 [5016] [INFO] Listening at: http://0.0.0.0:8000 (5016)
2016-03-18 01:17:07 [5016] [INFO] Using worker: sync
2016-03-18 01:17:07 [5021] [INFO] Booting worker with pid: 5021
/home/box/web/ask/ask/urls.py:21: RemovedInDjango110Warning: Support for string view arguments to url() is deprecated and will be removed in Django 1.10 (got test). Pass the callable instead.
  url(r'^$', 'test'),

/home/box/web/ask/ask/urls.py:22: RemovedInDjango110Warning: Support for string view arguments to url() is deprecated and will be removed in Django 1.10 (got test). Pass the callable instead.
  url(r'^login/.*$', 'test', name='login'),

/home/box/web/ask/ask/urls.py:23: RemovedInDjango110Warning: Support for string view arguments to url() is deprecated and will be removed in Django 1.10 (got test). Pass the callable instead.
  url(r'^signup/.*', 'test', name='signup'),

/home/box/web/ask/ask/urls.py:24: RemovedInDjango110Warning: Support for string view arguments to url() is deprecated and will be removed in Django 1.10 (got test). Pass the callable instead.
  url(r'^question/(?P<id>[0-9]+)/$', 'test', name='question'),

/home/box/web/ask/ask/urls.py:25: RemovedInDjango110Warning: Support for string view arguments to url() is deprecated and will be removed in Django 1.10 (got test). Pass the callable instead.
  url(r'^ask/.*', 'test', name='ask'),

/home/box/web/ask/ask/urls.py:26: RemovedInDjango110Warning: Support for string view arguments to url() is deprecated and will be removed in Django 1.10 (got test). Pass the callable instead.
  url(r'^popular/.*', 'test', name='popular'),

/home/box/web/ask/ask/urls.py:27: RemovedInDjango110Warning: Support for string view arguments to url() is deprecated and will be removed in Django 1.10 (got test). Pass the callable instead.
  url(r'^new/.*', 'test', name='new'),

/home/box/web/ask/ask/urls.py:27: RemovedInDjango110Warning: django.conf.urls.patterns() is deprecated and will be removed in Django 1.10. Update your urlpatterns to be a list of django.conf.urls.url() instances instead.
  url(r'^new/.*', 'test', name='new'),

Not Found: /favicon.ico
Not Found: /question/123
Not Found: /question
Not Found: /login
Not Found: /login
2016-03-18 01:19:06 [5016] [INFO] Handling signal: term
2016-03-17 22:19:06 [5021] [INFO] Worker exiting (pid: 5021)
2016-03-18 01:19:07 [5016] [INFO] Shutting down: Master
